send a email to asd
send a email to asd
send a email to asdsend a email to asdsend a email to asd
send a email to zxc
send a email to zxc
send a email to asd
send a email to asd
send a email to sd
send a email to sd
send a email to sd
send a email to zxc
send a email to zxc
send a email to f
send a email to sd
send a email to sd
send a email to sd
send a email to sd
send a email to sd
send a email to sd
send a email to sd
send a email to asd
send a email to asd
send a email to asd
send a email to asd
send a email to asd
send a email to asd
send a email to asd
send a email to asd
send a email to asd
send a email to w
send a email to sd
send a email to sd
send a email to asd
send a email to asd
send a email to asd
send a email to xzc
send a email to eqwe
send a email to x
send a email to x
send a email to zxczxc
send a email to zxczxc
send a email to zxczxc
send a email to sd
send a email to sd
send a email to asd
send a email to zxc
send a email to sad
send a email to zxc
